2023-05-12 17:18:16,914 - root - INFO - Epoch 0; loss: 324.5674743652344; CER: 1.0286179780960083; WER: 0.9994726777076721; val_loss: 294.7881774902344; val_CER: 1.0; val_WER: 0.9997793436050415
2023-05-12 18:14:45,758 - root - INFO - Epoch 0; loss: 321.36431884765625; CER: 1.024349570274353; WER: 1.0132150650024414; val_loss: 295.0547180175781; val_CER: 1.0; val_WER: 0.9995558857917786
2023-05-12 18:19:53,945 - root - INFO - Epoch 1; loss: 282.8070983886719; CER: 0.9998916387557983; WER: 0.9995055794715881; val_loss: 282.5251159667969; val_CER: 1.0; val_WER: 0.9995558857917786
2023-05-12 18:25:07,384 - root - INFO - Epoch 2; loss: 279.8243408203125; CER: 0.9998080134391785; WER: 0.9995056986808777; val_loss: 273.8561096191406; val_CER: 1.0; val_WER: 0.9995560050010681
2023-05-12 18:30:17,795 - root - INFO - Epoch 3; loss: 259.2017822265625; CER: 0.9761224985122681; WER: 0.9997544884681702; val_loss: 224.77120971679688; val_CER: 0.98637455701828; val_WER: 0.9996389150619507
2023-05-12 18:35:25,032 - root - INFO - Epoch 4; loss: 179.8565673828125; CER: 0.6934211850166321; WER: 0.9795560240745544; val_loss: 122.73348236083984; val_CER: 0.5350910425186157; val_WER: 0.8764008283615112
2023-05-12 18:40:33,114 - root - INFO - Epoch 5; loss: 118.53857421875; CER: 0.4329925775527954; WER: 0.8645163774490356; val_loss: 79.88629150390625; val_CER: 0.3001020848751068; val_WER: 0.7423592805862427
2023-05-12 19:00:29,571 - root - INFO - Epoch 6; loss: 88.49580383300781; CER: 0.2999926209449768; WER: 0.7606337070465088; val_loss: 64.30131530761719; val_CER: 0.2167554795742035; val_WER: 0.6563646793365479
2023-05-12 19:05:43,265 - root - INFO - Epoch 7; loss: 71.10945129394531; CER: 0.22903276979923248; WER: 0.6799860000610352; val_loss: 51.17829513549805; val_CER: 0.16421553492546082; val_WER: 0.5642533898353577
2023-05-12 19:10:55,089 - root - INFO - Epoch 8; loss: 59.953514099121094; CER: 0.18945498764514923; WER: 0.6171885132789612; val_loss: 44.70934295654297; val_CER: 0.14305351674556732; val_WER: 0.5145978927612305
2023-05-12 19:16:12,345 - root - INFO - Epoch 9; loss: 51.55973815917969; CER: 0.16282354295253754; WER: 0.5627148747444153; val_loss: 39.68342208862305; val_CER: 0.12464338541030884; val_WER: 0.4672207534313202
2023-05-12 19:21:29,332 - root - INFO - Epoch 10; loss: 45.641937255859375; CER: 0.14394088089466095; WER: 0.5186105966567993; val_loss: 35.80437469482422; val_CER: 0.11265896260738373; val_WER: 0.4281691610813141
2023-05-12 19:26:38,581 - root - INFO - Epoch 11; loss: 40.901302337646484; CER: 0.12907733023166656; WER: 0.4814315140247345; val_loss: 32.82020950317383; val_CER: 0.10216091573238373; val_WER: 0.39694711565971375
2023-05-12 22:29:26,964 - root - INFO - Epoch 12; loss: 36.83262634277344; CER: 0.11683280020952225; WER: 0.4474703073501587; val_loss: 31.19375228881836; val_CER: 0.093577541410923; val_WER: 0.3666229844093323
2023-05-12 22:34:55,994 - root - INFO - Epoch 13; loss: 33.60757064819336; CER: 0.10674317181110382; WER: 0.4193882346153259; val_loss: 28.809465408325195; val_CER: 0.08767291158437729; val_WER: 0.3451792299747467
2023-05-12 22:40:23,712 - root - INFO - Epoch 14; loss: 30.608020782470703; CER: 0.09672652930021286; WER: 0.3882783055305481; val_loss: 26.63886070251465; val_CER: 0.07918086647987366; val_WER: 0.3146231770515442
2023-05-12 22:45:40,083 - root - INFO - Epoch 15; loss: 28.350589752197266; CER: 0.08995526283979416; WER: 0.36736762523651123; val_loss: 25.55230712890625; val_CER: 0.07675597816705704; val_WER: 0.3070451021194458
2023-05-12 22:51:06,145 - root - INFO - Epoch 16; loss: 26.15480613708496; CER: 0.08257197588682175; WER: 0.34449079632759094; val_loss: 24.664031982421875; val_CER: 0.07075247168540955; val_WER: 0.2831641137599945
2023-05-12 23:07:28,111 - root - INFO - Epoch 17; loss: 24.25821304321289; CER: 0.07627639919519424; WER: 0.3221237063407898; val_loss: 23.314603805541992; val_CER: 0.0657644122838974; val_WER: 0.26655903458595276
2023-05-12 23:13:04,492 - root - INFO - Epoch 18; loss: 22.561599731445312; CER: 0.07086057960987091; WER: 0.3036232888698578; val_loss: 22.920923233032227; val_CER: 0.0632747933268547; val_WER: 0.25661182403564453
2023-05-12 23:18:38,067 - root - INFO - Epoch 19; loss: 21.090654373168945; CER: 0.06630836427211761; WER: 0.28741544485092163; val_loss: 21.695960998535156; val_CER: 0.0591326542198658; val_WER: 0.23840691149234772
2023-05-12 23:24:25,740 - root - INFO - Epoch 20; loss: 19.815692901611328; CER: 0.062363531440496445; WER: 0.2718198001384735; val_loss: 21.372934341430664; val_CER: 0.05816221609711647; val_WER: 0.2337009310722351
2023-05-12 23:30:06,832 - root - INFO - Epoch 21; loss: 18.446022033691406; CER: 0.057697687298059464; WER: 0.255983829498291; val_loss: 21.46876335144043; val_CER: 0.054514080286026; val_WER: 0.22166797518730164
2023-05-12 23:35:39,081 - root - INFO - Epoch 22; loss: 17.514610290527344; CER: 0.054537639021873474; WER: 0.244748055934906; val_loss: 20.158376693725586; val_CER: 0.052470166236162186; val_WER: 0.21407386660575867
2023-05-12 23:40:56,375 - root - INFO - Epoch 23; loss: 16.575807571411133; CER: 0.05143079534173012; WER: 0.23075507581233978; val_loss: 20.15825653076172; val_CER: 0.05245170742273331; val_WER: 0.20925456285476685
2023-05-12 23:46:10,161 - root - INFO - Epoch 24; loss: 15.675609588623047; CER: 0.048741165548563004; WER: 0.22179166972637177; val_loss: 19.649625778198242; val_CER: 0.050082992762327194; val_WER: 0.20205655694007874
2023-05-12 23:51:29,821 - root - INFO - Epoch 25; loss: 14.761415481567383; CER: 0.04577090963721275; WER: 0.2095247209072113; val_loss: 19.690542221069336; val_CER: 0.04877271130681038; val_WER: 0.19786414504051208
2023-05-12 23:56:43,335 - root - INFO - Epoch 26; loss: 13.952164649963379; CER: 0.04339573159813881; WER: 0.20199762284755707; val_loss: 18.283428192138672; val_CER: 0.04524996876716614; val_WER: 0.18514467775821686
2023-05-13 00:02:00,063 - root - INFO - Epoch 27; loss: 13.340428352355957; CER: 0.04142826050519943; WER: 0.19382622838020325; val_loss: 18.434412002563477; val_CER: 0.04546220973134041; val_WER: 0.1858934760093689
2023-05-13 00:07:19,498 - root - INFO - Epoch 28; loss: 12.84815502166748; CER: 0.03989013284444809; WER: 0.18756914138793945; val_loss: 18.191617965698242; val_CER: 0.043803829699754715; val_WER: 0.1775195598602295
2023-05-13 00:12:42,658 - root - INFO - Epoch 29; loss: 12.169849395751953; CER: 0.03772038221359253; WER: 0.17712928354740143; val_loss: 17.588747024536133; val_CER: 0.04283999279141426; val_WER: 0.17494948208332062
2023-05-13 00:17:59,409 - root - INFO - Epoch 30; loss: 11.563935279846191; CER: 0.03587532415986061; WER: 0.17097178101539612; val_loss: 17.859018325805664; val_CER: 0.04337558150291443; val_WER: 0.1758962869644165
2023-05-13 00:23:18,964 - root - INFO - Epoch 31; loss: 11.335746765136719; CER: 0.03524164855480194; WER: 0.1684720814228058; val_loss: 17.768295288085938; val_CER: 0.04158401116728783; val_WER: 0.16907024383544922
2023-05-13 00:28:35,234 - root - INFO - Epoch 32; loss: 10.666953086853027; CER: 0.03324514254927635; WER: 0.1593938171863556; val_loss: 17.70789337158203; val_CER: 0.04100148007273674; val_WER: 0.17045484483242035
2023-05-13 00:33:53,203 - root - INFO - Epoch 33; loss: 10.153844833374023; CER: 0.03160808980464935; WER: 0.1524738073348999; val_loss: 17.8646297454834; val_CER: 0.04101560637354851; val_WER: 0.1675276905298233
2023-05-13 00:39:08,671 - root - INFO - Epoch 34; loss: 9.91634750366211; CER: 0.030881186947226524; WER: 0.14973318576812744; val_loss: 17.10989761352539; val_CER: 0.03868192061781883; val_WER: 0.1588582694530487
2023-05-13 00:44:23,214 - root - INFO - Epoch 35; loss: 9.612639427185059; CER: 0.02987108938395977; WER: 0.14620240032672882; val_loss: 17.432266235351562; val_CER: 0.039505019783973694; val_WER: 0.1613093763589859
2023-05-13 00:49:43,154 - root - INFO - Epoch 36; loss: 9.090537071228027; CER: 0.0282236710190773; WER: 0.1390063464641571; val_loss: 16.352994918823242; val_CER: 0.03696666285395622; val_WER: 0.15346580743789673
2023-05-13 00:54:56,058 - root - INFO - Epoch 37; loss: 8.810588836669922; CER: 0.027625560760498047; WER: 0.13588006794452667; val_loss: 16.624805450439453; val_CER: 0.03748789429664612; val_WER: 0.15417902171611786
2023-05-13 01:00:13,665 - root - INFO - Epoch 38; loss: 8.542351722717285; CER: 0.026468424126505852; WER: 0.13094794750213623; val_loss: 17.58639144897461; val_CER: 0.03789156302809715; val_WER: 0.15368984639644623
2023-05-13 01:05:32,870 - root - INFO - Epoch 39; loss: 8.196979522705078; CER: 0.0256903525441885; WER: 0.12777796387672424; val_loss: 17.303434371948242; val_CER: 0.03804148733615875; val_WER: 0.15532132983207703
2023-05-13 01:10:45,150 - root - INFO - Epoch 40; loss: 7.935250759124756; CER: 0.02482956275343895; WER: 0.12446123361587524; val_loss: 17.20320701599121; val_CER: 0.03625548258423805; val_WER: 0.1467757225036621
2023-05-13 01:16:02,501 - root - INFO - Epoch 41; loss: 7.6350860595703125; CER: 0.023836974054574966; WER: 0.11983630061149597; val_loss: 17.64202880859375; val_CER: 0.037085361778736115; val_WER: 0.1506377011537552
2023-05-13 01:21:22,685 - root - INFO - Epoch 42; loss: 7.485735893249512; CER: 0.02350245602428913; WER: 0.11872530728578568; val_loss: 17.118375778198242; val_CER: 0.03574811667203903; val_WER: 0.14462131261825562
2023-05-13 01:26:35,706 - root - INFO - Epoch 43; loss: 7.224835395812988; CER: 0.02254476584494114; WER: 0.11397653073072433; val_loss: 16.89243507385254; val_CER: 0.035167064517736435; val_WER: 0.14439602196216583
2023-05-13 01:31:52,842 - root - INFO - Epoch 44; loss: 7.045918941497803; CER: 0.022077040746808052; WER: 0.11190585047006607; val_loss: 17.61589241027832; val_CER: 0.036792587488889694; val_WER: 0.15155726671218872
2023-05-13 01:37:09,176 - root - INFO - Epoch 45; loss: 6.977076530456543; CER: 0.02183344215154648; WER: 0.11012548953294754; val_loss: 16.524261474609375; val_CER: 0.03520255163311958; val_WER: 0.1455935388803482
2023-05-13 01:42:21,276 - root - INFO - Epoch 46; loss: 6.770709991455078; CER: 0.020998742431402206; WER: 0.10678403079509735; val_loss: 17.157011032104492; val_CER: 0.03479562699794769; val_WER: 0.14363539218902588
2023-05-13 01:47:35,740 - root - INFO - Epoch 47; loss: 6.440131664276123; CER: 0.019936708733439445; WER: 0.10210395604372025; val_loss: 16.694387435913086; val_CER: 0.03337755799293518; val_WER: 0.13653038442134857
2023-05-13 01:52:51,821 - root - INFO - Epoch 48; loss: 6.40494966506958; CER: 0.01999514549970627; WER: 0.10307661443948746; val_loss: 16.85942840576172; val_CER: 0.03385169804096222; val_WER: 0.13828596472740173
2023-05-13 01:58:08,006 - root - INFO - Epoch 49; loss: 6.014988899230957; CER: 0.01879381388425827; WER: 0.09707403928041458; val_loss: 16.92120933532715; val_CER: 0.034175485372543335; val_WER: 0.13836216926574707
2023-05-13 02:07:53,229 - root - INFO - Epoch 50; loss: 6.109992027282715; CER: 0.018952105194330215; WER: 0.09768959879875183; val_loss: 17.426361083984375; val_CER: 0.034547027200460434; val_WER: 0.13944204151630402
2023-05-13 02:13:08,857 - root - INFO - Epoch 51; loss: 5.906006336212158; CER: 0.018450023606419563; WER: 0.09552450478076935; val_loss: 16.34018898010254; val_CER: 0.03244977071881294; val_WER: 0.13371412456035614
2023-05-13 02:18:20,019 - root - INFO - Epoch 52; loss: 5.591194152832031; CER: 0.017461374402046204; WER: 0.09160096198320389; val_loss: 18.441926956176758; val_CER: 0.03402213379740715; val_WER: 0.13507840037345886
2023-05-13 02:23:34,266 - root - INFO - Epoch 53; loss: 5.608081817626953; CER: 0.017658140510320663; WER: 0.0911945179104805; val_loss: 17.077470779418945; val_CER: 0.03294362872838974; val_WER: 0.1332596391439438
2023-05-13 02:28:49,108 - root - INFO - Epoch 54; loss: 5.577249526977539; CER: 0.017497116699814796; WER: 0.09104912728071213; val_loss: 17.388505935668945; val_CER: 0.03329269587993622; val_WER: 0.13613851368427277
2023-05-13 02:34:08,468 - root - INFO - Epoch 55; loss: 5.3619279861450195; CER: 0.01681862398982048; WER: 0.08761002123355865; val_loss: 16.889768600463867; val_CER: 0.03149295598268509; val_WER: 0.12787024676799774
2023-05-13 02:39:21,322 - root - INFO - Epoch 56; loss: 5.2321248054504395; CER: 0.016381893306970596; WER: 0.08581604063510895; val_loss: 17.02596664428711; val_CER: 0.03185172751545906; val_WER: 0.12786994874477386
2023-05-13 02:44:35,379 - root - INFO - Epoch 57; loss: 5.039527416229248; CER: 0.01571989245712757; WER: 0.08312853425741196; val_loss: 16.91982078552246; val_CER: 0.031075915321707726; val_WER: 0.12707027792930603
2023-05-13 02:49:51,349 - root - INFO - Epoch 58; loss: 4.937932968139648; CER: 0.015526010654866695; WER: 0.08215030282735825; val_loss: 17.428359985351562; val_CER: 0.031843118369579315; val_WER: 0.12626798450946808
2023-05-13 02:55:07,421 - root - INFO - Epoch 59; loss: 4.94338321685791; CER: 0.01557793840765953; WER: 0.08177042752504349; val_loss: 16.934734344482422; val_CER: 0.030105166137218475; val_WER: 0.12217234820127487
2023-05-13 03:00:17,635 - root - INFO - Epoch 60; loss: 4.750722408294678; CER: 0.014900675043463707; WER: 0.07956590503454208; val_loss: 16.55963897705078; val_CER: 0.030788162723183632; val_WER: 0.126827210187912
2023-05-13 03:05:28,339 - root - INFO - Epoch 61; loss: 4.582052230834961; CER: 0.014399775303900242; WER: 0.07681865990161896; val_loss: 18.11104965209961; val_CER: 0.032136380672454834; val_WER: 0.12923909723758698
2023-05-13 03:10:39,572 - root - INFO - Epoch 62; loss: 4.521764278411865; CER: 0.014124341309070587; WER: 0.07537881284952164; val_loss: 17.732345581054688; val_CER: 0.030784152448177338; val_WER: 0.12524786591529846
2023-05-13 03:15:57,253 - root - INFO - Epoch 63; loss: 4.402535438537598; CER: 0.013922898098826408; WER: 0.07470331341028214; val_loss: 18.09391975402832; val_CER: 0.031101418659090996; val_WER: 0.1250206083059311
2023-05-13 03:21:15,369 - root - INFO - Epoch 64; loss: 4.554549694061279; CER: 0.014161570928990841; WER: 0.075265072286129; val_loss: 17.866891860961914; val_CER: 0.03131576627492905; val_WER: 0.1253795325756073
2023-05-13 03:26:28,862 - root - INFO - Epoch 65; loss: 3.90329909324646; CER: 0.01234746165573597; WER: 0.06741970777511597; val_loss: 17.71197509765625; val_CER: 0.029234496876597404; val_WER: 0.11911433190107346
2023-05-13 03:31:46,286 - root - INFO - Epoch 66; loss: 3.562964677810669; CER: 0.011418120935559273; WER: 0.06220768392086029; val_loss: 17.588531494140625; val_CER: 0.028669053688645363; val_WER: 0.11916506290435791
2023-05-13 03:37:02,858 - root - INFO - Epoch 67; loss: 3.517202377319336; CER: 0.011215293779969215; WER: 0.06183416396379471; val_loss: 17.676652908325195; val_CER: 0.030354876071214676; val_WER: 0.1222756877541542
2023-05-13 03:42:15,546 - root - INFO - Epoch 68; loss: 3.3847994804382324; CER: 0.010682267136871815; WER: 0.058393970131874084; val_loss: 17.42001724243164; val_CER: 0.028953902423381805; val_WER: 0.11834203451871872
2023-05-13 03:47:34,255 - root - INFO - Epoch 69; loss: 3.416806221008301; CER: 0.010873989202082157; WER: 0.05933159589767456; val_loss: 17.582927703857422; val_CER: 0.028988458216190338; val_WER: 0.1169130727648735
2023-05-13 03:52:50,576 - root - INFO - Epoch 70; loss: 3.332012891769409; CER: 0.01040695421397686; WER: 0.057531025260686874; val_loss: 18.44169807434082; val_CER: 0.03028244711458683; val_WER: 0.1218724474310875
2023-05-13 03:58:05,553 - root - INFO - Epoch 71; loss: 3.322610378265381; CER: 0.010325409471988678; WER: 0.056493714451789856; val_loss: 17.76038932800293; val_CER: 0.03015519678592682; val_WER: 0.1191733330488205
2023-05-13 04:03:25,476 - root - INFO - Epoch 72; loss: 3.028438091278076; CER: 0.009624353609979153; WER: 0.05319347605109215; val_loss: 16.760772705078125; val_CER: 0.027202824130654335; val_WER: 0.11010467261075974
2023-05-13 04:08:37,959 - root - INFO - Epoch 73; loss: 2.802227258682251; CER: 0.00888298824429512; WER: 0.04998291656374931; val_loss: 17.420927047729492; val_CER: 0.028086407110095024; val_WER: 0.1146361231803894
2023-05-13 04:13:54,132 - root - INFO - Epoch 74; loss: 2.711010456085205; CER: 0.008610088378190994; WER: 0.048573944717645645; val_loss: 18.073284149169922; val_CER: 0.028555206954479218; val_WER: 0.11443436145782471
2023-05-13 04:19:12,106 - root - INFO - Epoch 75; loss: 2.636577844619751; CER: 0.008400538936257362; WER: 0.04730452969670296; val_loss: 17.792219161987305; val_CER: 0.027754630893468857; val_WER: 0.11275075376033783
2023-05-13 04:24:24,713 - root - INFO - Epoch 76; loss: 2.6038193702697754; CER: 0.008352627046406269; WER: 0.04712510481476784; val_loss: 17.37180519104004; val_CER: 0.027806179597973824; val_WER: 0.11199688911437988
2023-05-13 04:29:40,868 - root - INFO - Epoch 77; loss: 2.6691551208496094; CER: 0.008407401852309704; WER: 0.0466400682926178; val_loss: 17.356632232666016; val_CER: 0.02764550782740116; val_WER: 0.11164698749780655
2023-05-13 04:35:00,894 - root - INFO - Epoch 78; loss: 2.48643159866333; CER: 0.008021432906389236; WER: 0.045441485941410065; val_loss: 17.950624465942383; val_CER: 0.027123449370265007; val_WER: 0.10953910648822784
2023-05-13 04:40:12,125 - root - INFO - Epoch 79; loss: 2.3228771686553955; CER: 0.007366593927145004; WER: 0.04156074672937393; val_loss: 17.503387451171875; val_CER: 0.02717696689069271; val_WER: 0.11074618250131607
2023-05-13 04:45:30,710 - root - INFO - Epoch 80; loss: 2.2003870010375977; CER: 0.007119748275727034; WER: 0.04070120304822922; val_loss: 17.845577239990234; val_CER: 0.02678229846060276; val_WER: 0.10897913575172424
2023-05-13 04:50:47,401 - root - INFO - Epoch 81; loss: 2.2286205291748047; CER: 0.007126497104763985; WER: 0.04078386351466179; val_loss: 18.08385467529297; val_CER: 0.02720426395535469; val_WER: 0.11054106056690216
2023-05-13 04:56:00,390 - root - INFO - Epoch 82; loss: 2.206746816635132; CER: 0.007071611937135458; WER: 0.04041985422372818; val_loss: 17.98808479309082; val_CER: 0.027244538068771362; val_WER: 0.11015189439058304
2023-05-13 05:01:18,832 - root - INFO - Epoch 83; loss: 2.2191390991210938; CER: 0.0070090522058308125; WER: 0.040053144097328186; val_loss: 18.87195587158203; val_CER: 0.027336522936820984; val_WER: 0.1101309061050415
2023-05-13 05:06:35,889 - root - INFO - Epoch 84; loss: 2.235678195953369; CER: 0.007106707897037268; WER: 0.04025619849562645; val_loss: 18.600095748901367; val_CER: 0.028217051178216934; val_WER: 0.11374149471521378
2023-05-13 05:11:48,837 - root - INFO - Epoch 85; loss: 2.1224684715270996; CER: 0.0067175389267504215; WER: 0.038597267121076584; val_loss: 18.52370834350586; val_CER: 0.026773618534207344; val_WER: 0.10647785663604736
2023-05-13 05:17:06,795 - root - INFO - Epoch 86; loss: 2.052527666091919; CER: 0.00664634071290493; WER: 0.038130708038806915; val_loss: 18.74001693725586; val_CER: 0.02768440917134285; val_WER: 0.11072662472724915
2023-05-13 05:22:24,183 - root - INFO - Epoch 87; loss: 2.0630877017974854; CER: 0.0065193772315979; WER: 0.037195608019828796; val_loss: 19.478515625; val_CER: 0.028923116624355316; val_WER: 0.1165640652179718
2023-05-13 05:27:37,492 - root - INFO - Epoch 88; loss: 2.13295578956604; CER: 0.0066978163085877895; WER: 0.03847893327474594; val_loss: 17.981754302978516; val_CER: 0.026782333850860596; val_WER: 0.10858184844255447
2023-05-13 05:32:57,245 - root - INFO - Epoch 89; loss: 1.9578341245651245; CER: 0.006298325955867767; WER: 0.035977303981781006; val_loss: 18.018842697143555; val_CER: 0.02651844173669815; val_WER: 0.10845362395048141
2023-05-13 05:38:12,436 - root - INFO - Epoch 90; loss: 1.9318597316741943; CER: 0.006201464217156172; WER: 0.03531293198466301; val_loss: 18.441116333007812; val_CER: 0.02661961317062378; val_WER: 0.10796033591032028
2023-05-13 05:43:27,254 - root - INFO - Epoch 91; loss: 2.0325796604156494; CER: 0.0064432318322360516; WER: 0.03698980435729027; val_loss: 18.786653518676758; val_CER: 0.027343062683939934; val_WER: 0.11026288568973541
2023-05-13 05:48:45,937 - root - INFO - Epoch 92; loss: 1.9228880405426025; CER: 0.006129559129476547; WER: 0.03511570394039154; val_loss: 19.220273971557617; val_CER: 0.027879178524017334; val_WER: 0.11148112267255783
2023-05-13 05:54:00,208 - root - INFO - Epoch 93; loss: 1.923829197883606; CER: 0.006060866639018059; WER: 0.03478061035275459; val_loss: 18.549644470214844; val_CER: 0.027477480471134186; val_WER: 0.11105141788721085
2023-05-13 05:59:16,516 - root - INFO - Epoch 94; loss: 1.951048493385315; CER: 0.006141237448900938; WER: 0.03492629900574684; val_loss: 18.76894760131836; val_CER: 0.02698379196226597; val_WER: 0.10874943435192108
2023-05-13 06:04:37,076 - root - INFO - Epoch 95; loss: 1.7782407999038696; CER: 0.005871719680726528; WER: 0.03406250476837158; val_loss: 18.830142974853516; val_CER: 0.026425719261169434; val_WER: 0.10780667513608932
2023-05-13 06:09:49,982 - root - INFO - Epoch 96; loss: 1.6659187078475952; CER: 0.005226207431405783; WER: 0.030591342598199844; val_loss: 18.609088897705078; val_CER: 0.02576512098312378; val_WER: 0.1042400598526001
2023-05-13 06:15:07,485 - root - INFO - Epoch 97; loss: 1.6261399984359741; CER: 0.005260602571070194; WER: 0.030751068145036697; val_loss: 18.737586975097656; val_CER: 0.026243623346090317; val_WER: 0.10627363622188568
2023-05-13 06:20:25,735 - root - INFO - Epoch 98; loss: 1.6434040069580078; CER: 0.005252249073237181; WER: 0.030982309952378273; val_loss: 19.13616371154785; val_CER: 0.02696293592453003; val_WER: 0.107430100440979
2023-05-13 06:25:38,174 - root - INFO - Epoch 99; loss: 1.568703293800354; CER: 0.0050539011135697365; WER: 0.029536277055740356; val_loss: 19.573257446289062; val_CER: 0.026828235015273094; val_WER: 0.10813356190919876
2023-05-13 06:25:43,845 - tensorflow - WARNING - From C:\Users\dangn\Documents\NLPvenv\lib\site-packages\tf2onnx\tf_loader.py:711: extract_sub_graph (from tensorflow.python.framework.graph_util_impl) is deprecated and will be removed in a future version.
Instructions for updating:
Use `tf.compat.v1.graph_util.extract_sub_graph`
2023-05-13 06:25:44,448 - tf2onnx.tfonnx - INFO - Using tensorflow=2.8.0, onnx=1.12.0, tf2onnx=1.12.0/a58786
2023-05-13 06:25:44,448 - tf2onnx.tfonnx - INFO - Using opset <onnx, 13>
2023-05-13 06:25:46,211 - tf2onnx.tf_utils - INFO - Computed 0 values for constant folding
2023-05-13 06:25:46,216 - tf2onnx.tf_utils - INFO - Computed 0 values for constant folding
2023-05-13 06:25:46,219 - tf2onnx.tf_utils - INFO - Computed 0 values for constant folding
2023-05-13 06:25:46,221 - tf2onnx.tf_utils - INFO - Computed 0 values for constant folding
2023-05-13 06:25:46,224 - tf2onnx.tf_utils - INFO - Computed 0 values for constant folding
2023-05-13 06:25:46,229 - tf2onnx.tf_utils - INFO - Computed 0 values for constant folding
2023-05-13 06:25:46,232 - tf2onnx.tf_utils - INFO - Computed 0 values for constant folding
2023-05-13 06:25:46,235 - tf2onnx.tf_utils - INFO - Computed 0 values for constant folding
2023-05-13 06:25:46,242 - tf2onnx.tf_utils - INFO - Computed 0 values for constant folding
2023-05-13 06:25:46,247 - tf2onnx.tf_utils - INFO - Computed 0 values for constant folding
2023-05-13 06:25:46,250 - tf2onnx.tf_utils - INFO - Computed 0 values for constant folding
2023-05-13 06:25:46,253 - tf2onnx.tf_utils - INFO - Computed 0 values for constant folding
2023-05-13 06:25:46,259 - tf2onnx.tf_utils - INFO - Computed 0 values for constant folding
2023-05-13 06:25:46,261 - tf2onnx.tf_utils - INFO - Computed 0 values for constant folding
2023-05-13 06:25:46,268 - tf2onnx.tf_utils - INFO - Computed 0 values for constant folding
2023-05-13 06:25:46,274 - tf2onnx.tf_utils - INFO - Computed 0 values for constant folding
2023-05-13 06:25:46,280 - tf2onnx.tf_utils - INFO - Computed 0 values for constant folding
2023-05-13 06:25:46,283 - tf2onnx.tf_utils - INFO - Computed 0 values for constant folding
2023-05-13 06:25:46,289 - tf2onnx.tf_utils - INFO - Computed 0 values for constant folding
2023-05-13 06:25:46,295 - tf2onnx.tf_utils - INFO - Computed 0 values for constant folding
2023-05-13 06:25:46,914 - tf2onnx.tf_utils - INFO - Computed 0 values for constant folding
2023-05-13 06:25:48,237 - tf2onnx.optimizer - INFO - Optimizing ONNX model
2023-05-13 06:25:49,310 - tf2onnx.optimizer - INFO - After optimization: BatchNormalization -2 (2->0), Cast -22 (39->17), Concat -21 (40->19), Const -254 (293->39), Expand -15 (20->5), Gather +1 (4->5), Identity -54 (54->0), ReduceProd -2 (4->2), Shape -5 (13->8), Slice -5 (21->16), Squeeze -11 (21->10), Transpose -12 (23->11), Unsqueeze -60 (68->8)
